<?xml version="1.0" encoding="UTF-8"?>
<testsuite xmlns:xsi="http://www.w3.org/2001/XMLSchema-instance" xsi:noNamespaceSchemaLocation="https://maven.apache.org/surefire/maven-surefire-plugin/xsd/surefire-test-report-3.0.xsd" version="3.0" name="com.rrhh.identity.controller.UsuarioControllerIT" time="11.259" tests="8" errors="0" skipped="0" failures="0">
  <properties>
[...]
</properties>
  <testcase name="meDevuelveClaimsDelToken" classname="com.rrhh.identity.controller.UsuarioControllerIT" time="0.813">
    <system-out><![CDATA[
  .   ____          _            __ _ _
 /\\ / ___'_ __ _ _(_)_ __  __ _ \ \ \ \
( ( )\___ | '_ | '_| | '_ \/ _` | \ \ \ \
 \\/  ___)| |_)| | | | | || (_| |  ) ) ) )
  '  |____| .__|_| |_|_| |_\__, | / / / /
 =========|_|==============|___/=/_/_/_/

 :: Spring Boot ::                (v3.3.5)

2026-08-26T19:48:17.403-04:00  INFO 22600 --- [rrhh-identity] [           main] c.r.i.controller.UsuarioControllerIT     : Starting UsuarioControllerIT using Java 21.0.9 with PID 22600 (started by alfon in C:\Users\alfon\Desktop\INGENIERIA_INFORMATICA_DUOC\SEXTO-SEMESTRE\desarrollo-cloud-native\PROYECTO\rrhh-identity\backend)
2026-08-26T19:48:17.406-04:00  INFO 22600 --- [rrhh-identity] [           main] c.r.i.controller.UsuarioControllerIT     : The following 1 profile is active: "test"
2026-08-26T19:48:19.125-04:00  INFO 22600 --- [rrhh-identity] [           main] .s.d.r.c.RepositoryConfigurationDelegate : Bootstrapping Spring Data JPA repositories in DEFAULT mode.
2026-08-26T19:48:19.228-04:00  INFO 22600 --- [rrhh-identity] [           main] .s.d.r.c.RepositoryConfigurationDelegate : Finished Spring Data repository scanning in 92 ms. Found 4 JPA repository interfaces.
2026-08-26T19:48:20.483-04:00  INFO 22600 --- [rrhh-identity] [           main] com.zaxxer.hikari.HikariDataSource       : HikariPool-1 - Starting...
2026-08-26T19:48:20.773-04:00  INFO 22600 --- [rrhh-identity] [           main] com.zaxxer.hikari.pool.HikariPool        : HikariPool-1 - Added connection conn0: url=jdbc:h2:mem:identity user=SA
2026-08-26T19:48:20.786-04:00  INFO 22600 --- [rrhh-identity] [           main] com.zaxxer.hikari.HikariDataSource       : HikariPool-1 - Start completed.
2026-08-26T19:48:20.849-04:00  INFO 22600 --- [rrhh-identity] [           main] org.flywaydb.core.FlywayExecutor         : Database: jdbc:h2:mem:identity (H2 2.2)
2026-08-26T19:48:20.860-04:00  WARN 22600 --- [rrhh-identity] [           main] o.f.c.internal.database.base.Database    : Flyway upgrade recommended: H2 2.2.224 is newer than this version of Flyway and support has not been tested. The latest supported version of H2 is 2.2.220.
2026-08-26T19:48:20.907-04:00  INFO 22600 --- [rrhh-identity] [           main] o.f.c.i.s.JdbcTableSchemaHistory         : Schema history table "public"."flyway_history_identity" does not exist yet
2026-08-26T19:48:20.912-04:00  INFO 22600 --- [rrhh-identity] [           main] o.f.core.internal.command.DbValidate     : Successfully validated 3 migrations (execution time 00:00.025s)
2026-08-26T19:48:20.922-04:00  INFO 22600 --- [rrhh-identity] [           main] o.f.c.i.s.JdbcTableSchemaHistory         : Creating Schema History table "public"."flyway_history_identity" ...
2026-08-26T19:48:20.967-04:00  INFO 22600 --- [rrhh-identity] [           main] o.f.core.internal.command.DbMigrate      : Current version of schema "public": << Empty Schema >>
2026-08-26T19:48:20.977-04:00  INFO 22600 --- [rrhh-identity] [           main] o.f.core.internal.command.DbMigrate      : Migrating schema "public" to version "1 - create tenant and users"
2026-08-26T19:48:21.010-04:00  INFO 22600 --- [rrhh-identity] [           main] o.f.core.internal.command.DbMigrate      : Migrating schema "public" to version "2 - seed roles and demo tenant"
2026-08-26T19:48:21.026-04:00  INFO 22600 --- [rrhh-identity] [           main] o.f.core.internal.command.DbMigrate      : Migrating schema "public" to version "3 - allow pending users"
2026-08-26T19:48:21.072-04:00  INFO 22600 --- [rrhh-identity] [           main] o.f.core.internal.command.DbMigrate      : Successfully applied 3 migrations to schema "public", now at version v3 (execution time 00:00.062s)
2026-08-26T19:48:21.323-04:00  INFO 22600 --- [rrhh-identity] [           main] o.hibernate.jpa.internal.util.LogHelper  : HHH000204: Processing PersistenceUnitInfo [name: default]
2026-08-26T19:48:21.448-04:00  INFO 22600 --- [rrhh-identity] [           main] org.hibernate.Version                    : HHH000412: Hibernate ORM core version 6.5.3.Final
2026-08-26T19:48:21.501-04:00  INFO 22600 --- [rrhh-identity] [           main] o.h.c.internal.RegionFactoryInitiator    : HHH000026: Second-level cache disabled
2026-08-26T19:48:22.019-04:00  INFO 22600 --- [rrhh-identity] [           main] o.s.o.j.p.SpringPersistenceUnitInfo      : No LoadTimeWeaver setup: ignoring JPA class transformer
2026-08-26T19:48:22.087-04:00  WARN 22600 --- [rrhh-identity] [           main] org.hibernate.orm.deprecation            : HHH90000025: H2Dialect does not need to be specified explicitly using 'hibernate.dialect' (remove the property setting and it will be selected by default)
2026-08-26T19:48:23.096-04:00  INFO 22600 --- [rrhh-identity] [           main] o.h.e.t.j.p.i.JtaPlatformInitiator       : HHH000489: No JTA platform available (set 'hibernate.transaction.jta.platform' to enable JTA platform integration)
2026-08-26T19:48:23.099-04:00  INFO 22600 --- [rrhh-identity] [           main] j.LocalContainerEntityManagerFactoryBean : Initialized JPA EntityManagerFactory for persistence unit 'default'
2026-08-26T19:48:24.997-04:00  INFO 22600 --- [rrhh-identity] [           main] o.s.b.a.e.web.EndpointLinksResolver      : Exposing 3 endpoints beneath base path '/actuator'
2026-08-26T19:48:26.064-04:00  INFO 22600 --- [rrhh-identity] [           main] o.s.b.t.m.w.SpringBootMockServletContext : Initializing Spring TestDispatcherServlet ''
2026-08-26T19:48:26.064-04:00  INFO 22600 --- [rrhh-identity] [           main] o.s.t.web.servlet.TestDispatcherServlet  : Initializing Servlet ''
2026-08-26T19:48:26.065-04:00  INFO 22600 --- [rrhh-identity] [           main] o.s.t.web.servlet.TestDispatcherServlet  : Completed initialization in 1 ms
2026-08-26T19:48:26.142-04:00  INFO 22600 --- [rrhh-identity] [           main] c.r.i.controller.UsuarioControllerIT     : Started UsuarioControllerIT in 9.195 seconds (process running for 10.357)
]]></system-out>
    <system-err><![CDATA[WARNING: A Java agent has been loaded dynamically (C:\Users\alfon\.m2\repository\net\bytebuddy\byte-buddy-agent\1.14.19\byte-buddy-agent-1.14.19.jar)
WARNING: If a serviceability tool is in use, please run with -XX:+EnableDynamicAgentLoading to hide this warning
WARNING: If a serviceability tool is not in use, please run with -Djdk.instrument.traceUsage for more information
WARNING: Dynamic loading of agents will be disallowed by default in a future release
]]></system-err>
  </testcase>
  <testcase name="adminCreaUsuarioEnSuTenant" classname="com.rrhh.identity.controller.UsuarioControllerIT" time="0.462"/>
  <testcase name="trabajadorNoListaUsuarios" classname="com.rrhh.identity.controller.UsuarioControllerIT" time="0.014"/>
  <testcase name="otroTenantNoVeUsuariosDelSeed" classname="com.rrhh.identity.controller.UsuarioControllerIT" time="0.046"/>
  <testcase name="listarUsuariosSinTokenEs401" classname="com.rrhh.identity.controller.UsuarioControllerIT" time="0.009"/>
  <testcase name="meAutoProvisionaUsuarioPendiente" classname="com.rrhh.identity.controller.UsuarioControllerIT" time="0.042"/>
  <testcase name="adminAsignaTenantYRolAUsuarioPendiente" classname="com.rrhh.identity.controller.UsuarioControllerIT" time="0.074"/>
  <testcase name="trabajadorNoAccedeAPendientes" classname="com.rrhh.identity.controller.UsuarioControllerIT" time="0.012"/>
</testsuite>